25-03-08 13:28:58.618 : 00_EFDN_baseline
25-03-08 13:29:06.754 : 0000001.png - PSNR: 25.66 dB
25-03-08 13:29:07.047 : 0000002.png - PSNR: 21.00 dB
25-03-08 13:29:07.461 : 0000003.png - PSNR: 26.41 dB
25-03-08 13:29:07.629 : 0000004.png - PSNR: 24.18 dB
25-03-08 13:29:14.059 : 0000005.png - PSNR: 25.07 dB
25-03-08 13:29:14.336 : 0000006.png - PSNR: 20.35 dB
25-03-08 13:29:14.636 : 0000007.png - PSNR: 18.99 dB
25-03-08 13:29:14.837 : 0000008.png - PSNR: 23.37 dB
25-03-08 13:29:15.120 : 0000009.png - PSNR: 23.25 dB
25-03-08 13:29:15.522 : 0000010.png - PSNR: 20.76 dB
25-03-08 13:29:15.853 : 0000011.png - PSNR: 25.67 dB
25-03-08 13:29:16.139 : 0000012.png - PSNR: 25.08 dB
25-03-08 13:29:16.556 : 0000013.png - PSNR: 25.83 dB
25-03-08 13:29:16.820 : 0000014.png - PSNR: 24.79 dB
25-03-08 13:29:17.068 : 0000015.png - PSNR: 22.90 dB
25-03-08 13:29:17.351 : 0000016.png - PSNR: 21.06 dB
25-03-08 13:29:17.621 : 0000017.png - PSNR: 22.51 dB
25-03-08 13:29:18.945 : 0000018.png - PSNR: 25.77 dB
25-03-08 13:29:19.757 : 0000019.png - PSNR: 22.60 dB
25-03-08 13:29:20.158 : 0000020.png - PSNR: 24.98 dB
25-03-08 13:29:20.552 : 0000021.png - PSNR: 24.21 dB
25-03-08 13:29:20.943 : 0000022.png - PSNR: 26.04 dB
25-03-08 13:29:21.462 : 0000023.png - PSNR: 31.50 dB
25-03-08 13:29:21.726 : 0000024.png - PSNR: 20.95 dB
25-03-08 13:29:22.026 : 0000025.png - PSNR: 25.83 dB
25-03-08 13:29:22.236 : 0000026.png - PSNR: 31.65 dB
25-03-08 13:29:22.637 : 0000027.png - PSNR: 22.42 dB
25-03-08 13:29:23.043 : 0000028.png - PSNR: 20.75 dB
25-03-08 13:29:23.425 : 0000029.png - PSNR: 24.48 dB
25-03-08 13:29:23.939 : 0000030.png - PSNR: 23.36 dB
25-03-08 13:29:24.225 : 0000031.png - PSNR: 35.43 dB
25-03-08 13:29:24.645 : 0000032.png - PSNR: 21.32 dB
25-03-08 13:29:25.034 : 0000033.png - PSNR: 24.65 dB
25-03-08 13:29:25.332 : 0000034.png - PSNR: 21.51 dB
25-03-08 13:29:25.729 : 0000035.png - PSNR: 27.49 dB
25-03-08 13:29:26.045 : 0000036.png - PSNR: 21.13 dB
25-03-08 13:29:26.676 : 0000037.png - PSNR: 23.59 dB
25-03-08 13:29:27.043 : 0000038.png - PSNR: 23.55 dB
25-03-08 13:29:27.917 : 0000039.png - PSNR: 22.45 dB
25-03-08 13:29:28.221 : 0000040.png - PSNR: 33.69 dB
25-03-08 13:29:28.643 : 0000041.png - PSNR: 24.78 dB
25-03-08 13:29:29.120 : 0000042.png - PSNR: 21.83 dB
25-03-08 13:29:31.697 : 0000043.png - PSNR: 23.09 dB
25-03-08 13:29:32.116 : 0000044.png - PSNR: 24.09 dB
25-03-08 13:29:32.521 : 0000045.png - PSNR: 25.28 dB
25-03-08 13:29:35.609 : 0000046.png - PSNR: 26.41 dB
25-03-08 13:29:40.037 : 0000047.png - PSNR: 21.31 dB
25-03-08 13:29:48.389 : 0000048.png - PSNR: 29.32 dB
25-03-08 13:29:57.471 : 0000049.png - PSNR: 24.80 dB
25-03-08 13:29:57.741 : 0000050.png - PSNR: 29.69 dB
25-03-08 13:29:58.054 : 0000051.png - PSNR: 23.71 dB
25-03-08 13:30:13.744 : 0000052.png - PSNR: 26.35 dB
25-03-08 13:30:24.048 : 0000053.png - PSNR: 32.04 dB
25-03-08 13:30:24.429 : 0000054.png - PSNR: 27.94 dB
25-03-08 13:30:24.720 : 0000055.png - PSNR: 27.15 dB
25-03-08 13:30:25.047 : 0000056.png - PSNR: 24.79 dB
25-03-08 13:30:25.347 : 0000057.png - PSNR: 22.54 dB
25-03-08 13:30:26.014 : 0000058.png - PSNR: 19.17 dB
25-03-08 13:30:26.247 : 0000059.png - PSNR: 23.16 dB
25-03-08 13:30:26.741 : 0000060.png - PSNR: 22.89 dB
25-03-08 13:30:27.144 : 0000061.png - PSNR: 23.83 dB
25-03-08 13:30:27.443 : 0000062.png - PSNR: 20.84 dB
25-03-08 13:30:27.641 : 0000063.png - PSNR: 21.29 dB
25-03-08 13:30:28.153 : 0000064.png - PSNR: 28.16 dB
25-03-08 13:30:28.648 : 0000065.png - PSNR: 20.79 dB
25-03-08 13:30:29.032 : 0000066.png - PSNR: 24.05 dB
25-03-08 13:30:29.526 : 0000067.png - PSNR: 22.96 dB
25-03-08 13:30:29.935 : 0000068.png - PSNR: 26.65 dB
25-03-08 13:30:30.432 : 0000069.png - PSNR: 29.26 dB
25-03-08 13:30:30.858 : 0000070.png - PSNR: 30.62 dB
25-03-08 13:30:31.236 : 0000071.png - PSNR: 27.26 dB
25-03-08 13:30:31.641 : 0000072.png - PSNR: 26.49 dB
25-03-08 13:30:32.150 : 0000073.png - PSNR: 22.16 dB
25-03-08 13:30:32.659 : 0000074.png - PSNR: 27.33 dB
25-03-08 13:30:33.152 : 0000075.png - PSNR: 28.84 dB
25-03-08 13:30:33.642 : 0000076.png - PSNR: 22.94 dB
25-03-08 13:30:34.063 : 0000077.png - PSNR: 24.39 dB
25-03-08 13:30:34.439 : 0000078.png - PSNR: 26.08 dB
25-03-08 13:30:34.947 : 0000079.png - PSNR: 24.32 dB
25-03-08 13:30:35.348 : 0000080.png - PSNR: 24.25 dB
25-03-08 13:30:35.746 : 0000081.png - PSNR: 23.72 dB
25-03-08 13:30:36.242 : 0000082.png - PSNR: 19.74 dB
25-03-08 13:30:36.641 : 0000083.png - PSNR: 29.94 dB
25-03-08 13:30:36.830 : 0000084.png - PSNR: 31.63 dB
25-03-08 13:30:37.233 : 0000085.png - PSNR: 25.01 dB
25-03-08 13:30:37.745 : 0000086.png - PSNR: 27.19 dB
25-03-08 13:30:38.143 : 0000087.png - PSNR: 31.28 dB
25-03-08 13:30:38.620 : 0000088.png - PSNR: 29.93 dB
25-03-08 13:30:39.022 : 0000089.png - PSNR: 22.53 dB
25-03-08 13:30:39.428 : 0000090.png - PSNR: 21.43 dB
25-03-08 13:30:39.843 : 0000091.png - PSNR: 22.04 dB
25-03-08 13:30:40.422 : 0000092.png - PSNR: 18.96 dB
25-03-08 13:30:40.730 : 0000093.png - PSNR: 24.88 dB
25-03-08 13:30:41.117 : 0000094.png - PSNR: 22.72 dB
25-03-08 13:30:41.527 : 0000095.png - PSNR: 26.46 dB
25-03-08 13:30:42.134 : 0000096.png - PSNR: 29.52 dB
25-03-08 13:30:42.424 : 0000097.png - PSNR: 29.69 dB
25-03-08 13:30:43.241 : 0000098.png - PSNR: 24.09 dB
25-03-08 13:30:43.623 : 0000099.png - PSNR: 21.64 dB
25-03-08 13:30:44.041 : 0000100.png - PSNR: 25.19 dB
25-03-08 13:30:44.751 : 0801.png - PSNR: 29.52 dB
25-03-08 13:30:45.416 : 0802.png - PSNR: 35.28 dB
25-03-08 13:30:46.151 : 0803.png - PSNR: 40.57 dB
25-03-08 13:30:46.692 : 0804.png - PSNR: 27.57 dB
25-03-08 13:30:47.406 : 0805.png - PSNR: 28.57 dB
25-03-08 13:30:47.981 : 0806.png - PSNR: 28.46 dB
25-03-08 13:30:48.665 : 0807.png - PSNR: 20.25 dB
25-03-08 13:30:49.216 : 0808.png - PSNR: 26.83 dB
25-03-08 13:30:49.817 : 0809.png - PSNR: 32.26 dB
25-03-08 13:30:50.588 : 0810.png - PSNR: 26.77 dB
25-03-08 13:30:51.386 : 0811.png - PSNR: 29.10 dB
25-03-08 13:30:55.344 : 0812.png - PSNR: 28.00 dB
25-03-08 13:31:00.641 : 0813.png - PSNR: 31.39 dB
25-03-08 13:31:01.235 : 0814.png - PSNR: 28.37 dB
25-03-08 13:31:02.759 : 0815.png - PSNR: 34.08 dB
25-03-08 13:31:13.569 : 0816.png - PSNR: 31.68 dB
25-03-08 13:31:25.361 : 0817.png - PSNR: 32.21 dB
25-03-08 13:31:26.087 : 0818.png - PSNR: 28.97 dB
25-03-08 13:31:26.670 : 0819.png - PSNR: 28.08 dB
25-03-08 13:31:27.256 : 0820.png - PSNR: 24.95 dB
25-03-08 13:31:27.854 : 0821.png - PSNR: 32.44 dB
25-03-08 13:31:28.490 : 0822.png - PSNR: 30.65 dB
25-03-08 13:31:29.163 : 0823.png - PSNR: 26.05 dB
25-03-08 13:31:30.136 : 0824.png - PSNR: 28.47 dB
25-03-08 13:31:31.245 : 0825.png - PSNR: 27.36 dB
25-03-08 13:31:32.334 : 0826.png - PSNR: 24.26 dB
25-03-08 13:31:33.048 : 0827.png - PSNR: 33.54 dB
25-03-08 13:31:33.765 : 0828.png - PSNR: 23.09 dB
25-03-08 13:31:34.520 : 0829.png - PSNR: 26.61 dB
25-03-08 13:31:35.058 : 0830.png - PSNR: 24.47 dB
25-03-08 13:31:36.042 : 0831.png - PSNR: 30.26 dB
25-03-08 13:31:36.982 : 0832.png - PSNR: 30.80 dB
25-03-08 13:31:37.796 : 0833.png - PSNR: 34.14 dB
25-03-08 13:31:38.664 : 0834.png - PSNR: 25.44 dB
25-03-08 13:31:39.859 : 0835.png - PSNR: 22.88 dB
25-03-08 13:31:40.594 : 0836.png - PSNR: 25.90 dB
25-03-08 13:31:41.363 : 0837.png - PSNR: 26.25 dB
25-03-08 13:31:42.060 : 0838.png - PSNR: 37.78 dB
25-03-08 13:31:42.652 : 0839.png - PSNR: 29.10 dB
25-03-08 13:31:43.299 : 0840.png - PSNR: 28.42 dB
25-03-08 13:31:43.979 : 0841.png - PSNR: 28.18 dB
25-03-08 13:31:44.678 : 0842.png - PSNR: 29.88 dB
25-03-08 13:31:45.272 : 0843.png - PSNR: 41.18 dB
25-03-08 13:31:45.928 : 0844.png - PSNR: 44.38 dB
25-03-08 13:31:46.696 : 0845.png - PSNR: 24.44 dB
25-03-08 13:31:47.471 : 0846.png - PSNR: 25.84 dB
25-03-08 13:31:48.245 : 0847.png - PSNR: 27.75 dB
25-03-08 13:31:49.129 : 0848.png - PSNR: 27.28 dB
25-03-08 13:31:49.784 : 0849.png - PSNR: 22.40 dB
25-03-08 13:31:51.979 : 0850.png - PSNR: 29.15 dB
25-03-08 13:31:52.632 : 0851.png - PSNR: 28.50 dB
25-03-08 13:31:53.167 : 0852.png - PSNR: 30.08 dB
25-03-08 13:31:53.778 : 0853.png - PSNR: 34.18 dB
25-03-08 13:31:54.367 : 0854.png - PSNR: 24.93 dB
25-03-08 13:31:56.305 : 0855.png - PSNR: 29.42 dB
25-03-08 13:31:57.053 : 0856.png - PSNR: 24.38 dB
25-03-08 13:31:57.667 : 0857.png - PSNR: 34.94 dB
25-03-08 13:31:58.269 : 0858.png - PSNR: 28.57 dB
25-03-08 13:31:58.934 : 0859.png - PSNR: 25.44 dB
25-03-08 13:31:59.759 : 0860.png - PSNR: 20.61 dB
25-03-08 13:32:00.366 : 0861.png - PSNR: 23.08 dB
25-03-08 13:32:01.006 : 0862.png - PSNR: 33.17 dB
25-03-08 13:32:01.762 : 0863.png - PSNR: 33.25 dB
25-03-08 13:32:02.539 : 0864.png - PSNR: 29.93 dB
25-03-08 13:32:03.276 : 0865.png - PSNR: 27.28 dB
25-03-08 13:32:03.987 : 0866.png - PSNR: 25.09 dB
25-03-08 13:32:04.752 : 0867.png - PSNR: 28.46 dB
25-03-08 13:32:05.414 : 0868.png - PSNR: 32.84 dB
25-03-08 13:32:06.085 : 0869.png - PSNR: 23.80 dB
25-03-08 13:32:06.784 : 0870.png - PSNR: 28.63 dB
25-03-08 13:32:07.467 : 0871.png - PSNR: 32.12 dB
25-03-08 13:32:08.114 : 0872.png - PSNR: 24.05 dB
25-03-08 13:32:08.760 : 0873.png - PSNR: 24.05 dB
25-03-08 13:32:09.380 : 0874.png - PSNR: 30.17 dB
25-03-08 13:32:10.160 : 0875.png - PSNR: 24.40 dB
25-03-08 13:32:10.848 : 0876.png - PSNR: 22.16 dB
25-03-08 13:32:11.336 : 0877.png - PSNR: 40.38 dB
25-03-08 13:32:12.066 : 0878.png - PSNR: 32.18 dB
25-03-08 13:32:12.880 : 0879.png - PSNR: 27.39 dB
25-03-08 13:32:13.515 : 0880.png - PSNR: 32.19 dB
25-03-08 13:32:14.140 : 0881.png - PSNR: 25.98 dB
25-03-08 13:32:14.776 : 0882.png - PSNR: 34.28 dB
25-03-08 13:32:15.386 : 0883.png - PSNR: 26.42 dB
25-03-08 13:32:15.973 : 0884.png - PSNR: 25.96 dB
25-03-08 13:32:16.671 : 0885.png - PSNR: 23.00 dB
25-03-08 13:32:17.262 : 0886.png - PSNR: 36.54 dB
25-03-08 13:32:17.924 : 0887.png - PSNR: 25.28 dB
25-03-08 13:32:18.581 : 0888.png - PSNR: 30.63 dB
25-03-08 13:32:19.255 : 0889.png - PSNR: 30.97 dB
25-03-08 13:32:19.785 : 0890.png - PSNR: 25.28 dB
25-03-08 13:32:20.575 : 0891.png - PSNR: 26.90 dB
25-03-08 13:32:21.190 : 0892.png - PSNR: 30.28 dB
25-03-08 13:32:21.784 : 0893.png - PSNR: 33.27 dB
25-03-08 13:32:22.449 : 0894.png - PSNR: 31.78 dB
25-03-08 13:32:23.138 : 0895.png - PSNR: 20.42 dB
25-03-08 13:32:23.788 : 0896.png - PSNR: 39.18 dB
25-03-08 13:32:24.426 : 0897.png - PSNR: 22.19 dB
25-03-08 13:32:25.037 : 0898.png - PSNR: 34.60 dB
25-03-08 13:32:25.770 : 0899.png - PSNR: 31.56 dB
25-03-08 13:32:26.370 : 0900.png - PSNR: 28.10 dB
25-03-08 13:32:26.371 :       Max Memory : 707.167 [M]
25-03-08 13:32:26.371 : ------> Average runtime of (valid) is : 116.569939 milliseconds
25-03-08 13:32:26.371 : ------> Average PSNR of (valid) is : 26.931529 dB
25-03-08 13:32:26.388 :     #Activations : 111.1167 [M]
25-03-08 13:32:26.388 :          #Conv2d : 65
25-03-08 13:32:26.526 :            FLOPs : 16.7035 [G]
25-03-08 13:32:26.527 :          #Params : 0.2762 [M]
